main.obj : error LNK2019: 无法解析的外部符号 "public: __thiscall cv::Mat::Mat(void)" (??0Mat@cv@@QAE@XZ)，函数 "public: __thiscall cv::MatExpr::operator class cv::Mat(void)const " (??BMatExpr@cv@@QBE?AVMat@1@XZ) 中引用了该符号
main.obj : error LNK2019: 无法解析的外部符号 "public: __thiscall cv::Mat::~Mat(void)" (??1Mat@cv@@QAE@XZ)，函数 "public: __thiscall cv::MatExpr::~MatExpr(void)" (??1MatExpr@cv@@QAE@XZ) 中引用了该符号
main.obj : error LNK2019: 无法解析的外部符号 "public: static class cv::MatExpr __cdecl cv::Mat::zeros(int,int,int)" (?zeros@Mat@cv@@SA?AVMatExpr@2@HHH@Z)，函数 _main 中引用了该符号
main.obj : error LNK2019: 无法解析的外部符号 "int __cdecl cv::waitKey(int)" (?waitKey@cv@@YAHH@Z)，函数 _main 中引用了该符号
main.obj : error LNK2019: 无法解析的外部符号 "void __cdecl cv::imshow(class std::basic_string<char,struct std::char_traits<char>,class std::allocator<char> > const &,class cv::debug_build_guard::_InputArray const &)" (?imshow@cv@@YAXABV?$basic_string@DU?$char_traits@D@std@@V?$allocator@D@2@@std@@ABV_InputArray@debug_build_guard@1@@Z)，函数 _main 中引用了该符号
E:\novel\Ccode_test\openGL\Debug\image_test.exe : fatal error LNK1120: 5 个无法解析的外部命令
